<?xml version="1.0" encoding="UTF-8"?>
<testng-results ignored="0" total="1" passed="1" failed="0" skipped="0">
  <reporter-output>
  </reporter-output>
  <suite started-at="2022-03-06T13:16:01 IST" name="Default suite" finished-at="2022-03-06T13:16:03 IST" duration-ms="2237">
    <groups>
    </groups>
    <test started-at="2022-03-06T13:16:01 IST" name="Default test" finished-at="2022-03-06T13:16:03 IST" duration-ms="2237">
      <class name="Demo.sumValidation">
        <test-method signature="sumofvalidate()[pri:0, instance:Demo.sumValidation@cd3fee8]" started-at="2022-03-06T13:16:01 IST" name="sumofvalidate" finished-at="2022-03-06T13:16:03 IST" duration-ms="2169" status="PASS">
          <reporter-output>
          </reporter-output>
        </test-method> <!-- sumofvalidate -->
      </class> <!-- Demo.sumValidation -->
    </test> <!-- Default test -->
  </suite> <!-- Default suite -->
</testng-results>
